Сборка начата 10.04.2015 1:17:23.
     1>Проект "D:\Мои документы\Visual Studio 2013\Projects\TiSDLab2\Lab2TiSD\Lab2TiSD.vcxproj" в узле 2 (целевые объекты Build).
     1>ClCompile:
         E:\Visual Studio 2013\VC\bin\CL.exe /c /ZI /nologo /W3 /WX- /Od /Oy- /D WIN32 /D _DEBUG /D _CONSOLE /D _LIB /D _UNICODE /D UNICODE /Gm /EHsc /RTC1 /MDd /GS /fp:precise /Zc:wchar_t /Zc:forScope /Fo"Debug\\" /Fd"Debug\vc120.pdb" /Gd /TP /analyze- /errorReport:prompt tree.cpp
         tree.cpp
     1>d:\мои документы\visual studio 2013\projects\tisdlab2\lab2tisd\tree.cpp(572): warning C4101: error: неиспользованная локальная переменная
     1>d:\мои документы\visual studio 2013\projects\tisdlab2\lab2tisd\tree.cpp(603): warning C4101: error: неиспользованная локальная переменная
     1>d:\мои документы\visual studio 2013\projects\tisdlab2\lab2tisd\tree.cpp(614): warning C4101: error: неиспользованная локальная переменная
     1>d:\мои документы\visual studio 2013\projects\tisdlab2\lab2tisd\tree.cpp(625): warning C4101: error: неиспользованная локальная переменная
     1>d:\мои документы\visual studio 2013\projects\tisdlab2\lab2tisd\tree.cpp(636): warning C4101: error: неиспользованная локальная переменная
     1>d:\мои документы\visual studio 2013\projects\tisdlab2\lab2tisd\tree.cpp(649): warning C4101: error: неиспользованная локальная переменная
     1>d:\мои документы\visual studio 2013\projects\tisdlab2\lab2tisd\tree.cpp(660): warning C4101: error: неиспользованная локальная переменная
     1>d:\мои документы\visual studio 2013\projects\tisdlab2\lab2tisd\tree.cpp(195): warning C4700: использована неинициализированная локальная переменная "noNode"
       Link:
         E:\Visual Studio 2013\VC\bin\link.exe /ERRORREPORT:PROMPT /OUT:"D:\Мои документы\Visual Studio 2013\Projects\TiSDLab2\Debug\Lab2TiSD.exe" /INCREMENTAL /NOLOGO kernel32.lib user32.lib gdi32.lib winspool.lib comdlg32.lib advapi32.lib shell32.lib ole32.lib oleaut32.lib uuid.lib odbc32.lib odbccp32.lib /MANIFEST /MANIFESTUAC:"level='asInvoker' uiAccess='false'" /manifest:embed /DEBUG /PDB:"D:\Мои документы\Visual Studio 2013\Projects\TiSDLab2\Debug\Lab2TiSD.pdb" /SUBSYSTEM:CONSOLE /TLBID:1 /DYNAMICBASE /NXCOMPAT /IMPLIB:"D:\Мои документы\Visual Studio 2013\Projects\TiSDLab2\Debug\Lab2TiSD.lib" /MACHINE:X86 Debug\main.obj
         Debug\tree.obj
         Lab2TiSD.vcxproj -> D:\Мои документы\Visual Studio 2013\Projects\TiSDLab2\Debug\Lab2TiSD.exe
     1>Сборка проекта "D:\Мои документы\Visual Studio 2013\Projects\TiSDLab2\Lab2TiSD\Lab2TiSD.vcxproj" завершена (целевые объекты Build).

Сборка успешно завершена.

Затраченное время: 00:00:00.62
